REQUEST DATE : August 5th 2024, 6:08:53 pm
API URL : http://localhost:7000/api/admin/auth
API PARAMETER : {}

REQUEST DATE : August 5th 2024, 7:20:48 pm
API URL : http://localhost:7000/api/category/getAll?page=1&limit=10&search
API PARAMETER : {}

REQUEST DATE : August 5th 2024, 7:22:17 pm
API URL : http://localhost:7000/api/category/getAll?page=1&limit=10&search
API PARAMETER : {}

REQUEST DATE : August 5th 2024, 7:23:21 pm
API URL : http://localhost:7000/api/category/getAll?page=1&limit=10&search
API PARAMETER : {}

REQUEST DATE : August 5th 2024, 7:23:36 pm
API URL : http://localhost:7000/api/category/getAll?page=1&limit=10&search
API PARAMETER : {}

REQUEST DATE : August 5th 2024, 7:23:46 pm
API URL : http://localhost:7000/api/category/getAll?page=1&limit=10&search=danish
API PARAMETER : {}

REQUEST DATE : August 5th 2024, 7:23:55 pm
API URL : http://localhost:7000/api/category/getAll?page=1&limit=10&search=
API PARAMETER : {}

REQUEST DATE : August 5th 2024, 7:24:26 pm
API URL : http://localhost:7000/api/category/getAll?page=1&limit=10&search=
API PARAMETER : {}

REQUEST DATE : August 5th 2024, 7:36:43 pm
API URL : http://localhost:7000/api/category/getAll?page=1&limit=10&search=
API PARAMETER : {}

REQUEST DATE : August 5th 2024, 7:37:21 pm
API URL : http://localhost:7000/api/category/getAll?page=1&limit=10&search=
API PARAMETER : {}

REQUEST DATE : August 5th 2024, 7:41:25 pm
API URL : http://localhost:7000/api/category/getAll?page=1&limit=10&search=
API PARAMETER : {}

REQUEST DATE : August 5th 2024, 7:42:05 pm
API URL : http://localhost:7000/api/category/getAll?page=1&limit=10&search=
API PARAMETER : {}

REQUEST DATE : August 5th 2024, 7:45:23 pm
API URL : http://localhost:7000/api/category/getAll?page=1&limit=10&search=
API PARAMETER : {}

REQUEST DATE : August 5th 2024, 7:46:00 pm
API URL : http://localhost:7000/api/category/getAll?page=1&limit=10&search=
API PARAMETER : {}

REQUEST DATE : August 5th 2024, 7:48:36 pm
API URL : http://localhost:7000/api/category/getAll?page=1&limit=10&search=
API PARAMETER : {}

REQUEST DATE : August 5th 2024, 7:49:50 pm
API URL : http://localhost:7000/api/category/getAll?page=1&limit=10&search=
API PARAMETER : {}

REQUEST DATE : August 5th 2024, 7:51:33 pm
API URL : http://localhost:7000/api/category/getAll?page=1&limit=10&search=
API PARAMETER : {}

REQUEST DATE : August 5th 2024, 7:52:07 pm
API URL : http://localhost:7000/api/category/getAll?page=1&limit=10&search=
API PARAMETER : {}

REQUEST DATE : August 5th 2024, 7:53:38 pm
API URL : http://localhost:7000/api/category/getAll?page=1&limit=10&search=
API PARAMETER : {}

REQUEST DATE : August 5th 2024, 10:57:57 pm
API URL : http://localhost:7000/api/category/getAll?page=1&limit=10&search=
API PARAMETER : {}

REQUEST DATE : August 5th 2024, 11:00:02 pm
API URL : http://localhost:7000/api/sub-category/getAll?page=1&limit=10&search
API PARAMETER : {}

REQUEST DATE : August 5th 2024, 11:15:17 pm
API URL : http://localhost:7000/api/category/getAll?page=1&limit=10&search=
API PARAMETER : {}

REQUEST DATE : August 5th 2024, 11:24:59 pm
API URL : http://localhost:7000/api/product/getAll
API PARAMETER : {}

REQUEST DATE : August 5th 2024, 11:25:43 pm
API URL : http://localhost:7000/api/product/getAll
API PARAMETER : {}

REQUEST DATE : August 5th 2024, 11:26:06 pm
API URL : http://localhost:7000/api/product/getAll
API PARAMETER : {}

REQUEST DATE : August 5th 2024, 11:27:25 pm
API URL : http://localhost:7000/api/product/getAll
API PARAMETER : {}

REQUEST DATE : August 5th 2024, 11:30:02 pm
API URL : http://localhost:7000/api/product/getAll
API PARAMETER : {}

REQUEST DATE : August 5th 2024, 11:30:41 pm
API URL : http://localhost:7000/api/product/getAll
API PARAMETER : {}

REQUEST DATE : August 5th 2024, 11:31:16 pm
API URL : http://localhost:7000/api/product/getAll
API PARAMETER : {}

REQUEST DATE : August 5th 2024, 11:32:11 pm
API URL : http://localhost:7000/api/product/getAll
API PARAMETER : {}

REQUEST DATE : August 5th 2024, 11:32:56 pm
API URL : http://localhost:7000/api/product/getAll
API PARAMETER : {}

REQUEST DATE : August 5th 2024, 11:33:24 pm
API URL : http://localhost:7000/api/product/getAll
API PARAMETER : {}

REQUEST DATE : August 5th 2024, 11:37:12 pm
API URL : http://localhost:7000/api/sub-category/getAll?page=1&limit=10&search
API PARAMETER : {}

REQUEST DATE : August 5th 2024, 11:38:09 pm
API URL : http://localhost:7000/api/sub-category/getAll?page=1&limit=10&search
API PARAMETER : {}

REQUEST DATE : August 5th 2024, 11:38:32 pm
API URL : http://localhost:7000/api/product/getAll?page=1&limit=10&search=&category=&sub_category=66b114f08a4e5be2eaa41fa4
API PARAMETER : {}

REQUEST DATE : August 5th 2024, 11:39:46 pm
API URL : http://localhost:7000/api/product/getAll?page=1&limit=10&search=&category=&sub_category=66b114f08a4e5be2eaa41fa4
API PARAMETER : {}

REQUEST DATE : August 5th 2024, 11:40:19 pm
API URL : http://localhost:7000/api/sub-category/getAll?page=1&limit=10&search
API PARAMETER : {}

REQUEST DATE : August 5th 2024, 11:40:38 pm
API URL : http://localhost:7000/api/sub-category/getAll?page=1&limit=10&search
API PARAMETER : {}

REQUEST DATE : August 5th 2024, 11:40:44 pm
API URL : http://localhost:7000/api/product/getAll?page=1&limit=10&search=&category=&sub_category=66b114f08a4e5be2eaa41fa4
API PARAMETER : {}

REQUEST DATE : August 5th 2024, 11:41:03 pm
API URL : http://localhost:7000/api/product/getAll?page=1&limit=10&search=&category=&sub_category=66b114f08a4e5be2eaa41fa4
API PARAMETER : {}

REQUEST DATE : August 5th 2024, 11:41:17 pm
API URL : http://localhost:7000/api/product/getAll?page=1&limit=10&search=&category=&sub_category=66b114f08a4e5be2eaa41fa4
API PARAMETER : {}

REQUEST DATE : August 5th 2024, 11:41:52 pm
API URL : http://localhost:7000/api/product/getAll?page=1&limit=10&search=&category=&sub_category=66b114f08a4e5be2eaa41fa4
API PARAMETER : {}

REQUEST DATE : August 5th 2024, 11:42:17 pm
API URL : http://localhost:7000/api/product/getAll?page=1&limit=10&search=&category=&sub_category=66b114f08a4e5be2eaa41fa4
API PARAMETER : {}

REQUEST DATE : August 5th 2024, 11:42:40 pm
API URL : http://localhost:7000/api/product/getAll?page=1&limit=10&search=&category=&sub_category=66b114f08a4e5be2eaa41fa4
API PARAMETER : {}

REQUEST DATE : August 5th 2024, 11:42:59 pm
API URL : http://localhost:7000/api/product/getAll?page=1&limit=10&search=&category=66b0d20773cb4bdaca5a9e5f&sub_category=66b114f08a4e5be2eaa41fa4
API PARAMETER : {}

REQUEST DATE : August 5th 2024, 11:43:07 pm
API URL : http://localhost:7000/api/product/getAll?page=1&limit=10&search=&category=66b0d20773cb4bdaca5a9e5f
API PARAMETER : {}

REQUEST DATE : August 5th 2024, 11:43:13 pm
API URL : http://localhost:7000/api/product/getAll?page=1&limit=10&search=&category=66b0d20773cb4bdaca5a9e5f&sub_category=66b114f08a4e5be2eaa41fa4
API PARAMETER : {}

REQUEST DATE : August 5th 2024, 11:53:23 pm
API URL : http://localhost:7000/api/product/getAll?page=1&limit=10&search=&category=66b0d20773cb4bdaca5a9e5f&sub_category=66b114f08a4e5be2eaa41fa4
API PARAMETER : {}

REQUEST DATE : August 5th 2024, 11:53:30 pm
API URL : http://localhost:7000/api/product/getAll?page=1&limit=10&search=
API PARAMETER : {}

REQUEST DATE : August 5th 2024, 11:57:54 pm
API URL : http://localhost:7000/api/product/getAll?page=1&limit=10&search=
API PARAMETER : {}

REQUEST DATE : August 6th 2024, 1:26:16 pm
API URL : http://localhost:7000/api/user/auth
API PARAMETER : {}

REQUEST DATE : August 6th 2024, 3:11:26 pm
API URL : http://localhost:7000/api/wishlist/get-wishlist-product
API PARAMETER : {}

REQUEST DATE : August 6th 2024, 3:11:52 pm
API URL : http://localhost:7000/api/wishlist/get-wishlist-product
API PARAMETER : {}

REQUEST DATE : August 6th 2024, 3:27:41 pm
API URL : http://localhost:7000/api/wishlist/get-wishlist-product
API PARAMETER : {}

REQUEST DATE : August 6th 2024, 3:28:51 pm
API URL : http://localhost:7000/api/wishlist/get-wishlist-product
API PARAMETER : {}

REQUEST DATE : August 6th 2024, 3:29:10 pm
API URL : http://localhost:7000/api/wishlist/get-wishlist-product
API PARAMETER : {}

REQUEST DATE : August 6th 2024, 3:29:59 pm
API URL : http://localhost:7000/api/wishlist/get-wishlist-product
API PARAMETER : {}

REQUEST DATE : August 6th 2024, 3:31:15 pm
API URL : http://localhost:7000/api/wishlist/get-wishlist-product
API PARAMETER : {}

REQUEST DATE : August 6th 2024, 3:34:36 pm
API URL : http://localhost:7000/api/wishlist/get-wishlist-product
API PARAMETER : {}

REQUEST DATE : August 6th 2024, 3:41:47 pm
API URL : http://localhost:7000/api/wishlist/get-wishlist-product
API PARAMETER : {}

REQUEST DATE : August 6th 2024, 3:42:55 pm
API URL : http://localhost:7000/api/product/getAll?page=1&limit=10&search=
API PARAMETER : {}

REQUEST DATE : August 6th 2024, 3:43:08 pm
API URL : http://localhost:7000/api/product/getAll?page=1&limit=10&search=
API PARAMETER : {}

REQUEST DATE : August 6th 2024, 3:44:07 pm
API URL : http://localhost:7000/api/product/getAll?page=1&limit=10&search=
API PARAMETER : {}

REQUEST DATE : August 6th 2024, 3:44:14 pm
API URL : http://localhost:7000/api/wishlist/get-wishlist-product
API PARAMETER : {}

REQUEST DATE : August 6th 2024, 3:44:23 pm
API URL : http://localhost:7000/api/wishlist/get-wishlist-product
API PARAMETER : {}

REQUEST DATE : August 6th 2024, 3:45:34 pm
API URL : http://localhost:7000/api/wishlist/get-wishlist-product
API PARAMETER : {}

REQUEST DATE : August 6th 2024, 3:46:35 pm
API URL : http://localhost:7000/api/wishlist/get-wishlist-product
API PARAMETER : {}

REQUEST DATE : August 6th 2024, 3:47:07 pm
API URL : http://localhost:7000/api/wishlist/get-wishlist-product
API PARAMETER : {}

REQUEST DATE : August 6th 2024, 3:48:17 pm
API URL : http://localhost:7000/api/wishlist/get-wishlist-product
API PARAMETER : {}

REQUEST DATE : August 6th 2024, 3:56:31 pm
API URL : http://localhost:7000/api/wishlist/get-wishlist-product
API PARAMETER : {}

REQUEST DATE : August 6th 2024, 4:01:57 pm
API URL : http://localhost:7000/api/wishlist/get-wishlist-product
API PARAMETER : {}

REQUEST DATE : August 6th 2024, 6:31:21 pm
API URL : http://localhost:7000/api/my-cart/get-cart
API PARAMETER : {}

REQUEST DATE : August 6th 2024, 6:32:32 pm
API URL : http://localhost:7000/api/my-cart/get-cart
API PARAMETER : {}

REQUEST DATE : August 6th 2024, 6:33:15 pm
API URL : http://localhost:7000/api/my-cart/get-cart
API PARAMETER : {}

REQUEST DATE : August 6th 2024, 6:33:36 pm
API URL : http://localhost:7000/api/my-cart/get-cart
API PARAMETER : {}

REQUEST DATE : August 6th 2024, 6:34:33 pm
API URL : http://localhost:7000/api/my-cart/get-cart
API PARAMETER : {}

REQUEST DATE : August 6th 2024, 10:47:47 pm
API URL : http://localhost:7000/api/my-cart/get-cart
API PARAMETER : {}

REQUEST DATE : August 6th 2024, 10:48:27 pm
API URL : http://localhost:7000/api/my-cart/get-cart
API PARAMETER : {}

REQUEST DATE : August 6th 2024, 10:50:53 pm
API URL : http://localhost:7000/api/my-cart/get-cart
API PARAMETER : {}

REQUEST DATE : August 6th 2024, 10:51:46 pm
API URL : http://localhost:7000/api/my-cart/get-cart
API PARAMETER : {}

